This is pdfTeX, Version 3.14159265-2.6-1.40.19 (TeX Live 2018) (preloaded format=pdflatex 2018.9.28)  31 JAN 2019 06:13
entering extended mode
 restricted \write18 enabled.
 file:line:error style messages enabled.
 %&-line parsing enabled.
**MP1_report.tex
(./MP1_report.tex
LaTeX2e <2018-04-01> patch level 2
Babel <3.18> and hyphenation patterns for 84 language(s) loaded.
comp551 writeup template
(/usr/local/texlive/2018/texmf-dist/tex/latex/base/article.cls
Document Class: article 2014/09/29 v1.4h Standard LaTeX document class
(/usr/local/texlive/2018/texmf-dist/tex/latex/base/size11.clo
File: size11.clo 2014/09/29 v1.4h Standard LaTeX file (size option)
)
\c@part=\count80
\c@section=\count81
\c@subsection=\count82
\c@subsubsection=\count83
\c@paragraph=\count84
\c@subparagraph=\count85
\c@figure=\count86
\c@table=\count87
\abovecaptionskip=\skip41
\belowcaptionskip=\skip42
\bibindent=\dimen102
) (./comp551.sty
Conference Style, version of November 2018
\titlepad=\skip43
\titlebox=\skip44
Named Citation Style, version of 30 November 1994
) (/usr/local/texlive/2018/texmf-dist/tex/latex/graphics/graphicx.sty
Package: graphicx 2017/06/01 v1.1a Enhanced LaTeX Graphics (DPC,SPQR)

(/usr/local/texlive/2018/texmf-dist/tex/latex/graphics/keyval.sty
Package: keyval 2014/10/28 v1.15 key=value parser (DPC)
\KV@toks@=\toks14
)
(/usr/local/texlive/2018/texmf-dist/tex/latex/graphics/graphics.sty
Package: graphics 2017/06/25 v1.2c Standard LaTeX Graphics (DPC,SPQR)

(/usr/local/texlive/2018/texmf-dist/tex/latex/graphics/trig.sty
Package: trig 2016/01/03 v1.10 sin cos tan (DPC)
)
(/usr/local/texlive/2018/texmf-dist/tex/latex/graphics-cfg/graphics.cfg
File: graphics.cfg 2016/06/04 v1.11 sample graphics configuration
)
Package graphics Info: Driver file: pdftex.def on input line 99.

(/usr/local/texlive/2018/texmf-dist/tex/latex/graphics-def/pdftex.def
File: pdftex.def 2018/01/08 v1.0l Graphics/color driver for pdftex
))
\Gin@req@height=\dimen103
\Gin@req@width=\dimen104
)
(/usr/local/texlive/2018/texmf-dist/tex/latex/soul/soul.sty
Package: soul 2003/11/17 v2.4 letterspacing/underlining (mf)
\SOUL@word=\toks15
\SOUL@lasttoken=\toks16
\SOUL@cmds=\toks17
\SOUL@buffer=\toks18
\SOUL@token=\toks19
\SOUL@spaceskip=\skip45
\SOUL@ttwidth=\dimen105
\SOUL@uldp=\dimen106
\SOUL@ulht=\dimen107
)
(/usr/local/texlive/2018/texmf-dist/tex/latex/url/url.sty
\Urlmuskip=\muskip10
Package: url 2013/09/16  ver 3.4  Verb mode for urls, etc.
)
(/usr/local/texlive/2018/texmf-dist/tex/latex/hyperref/hyperref.sty
Package: hyperref 2018/02/06 v6.86b Hypertext links for LaTeX

(/usr/local/texlive/2018/texmf-dist/tex/generic/oberdiek/hobsub-hyperref.sty
Package: hobsub-hyperref 2016/05/16 v1.14 Bundle oberdiek, subset hyperref (HO)


(/usr/local/texlive/2018/texmf-dist/tex/generic/oberdiek/hobsub-generic.sty
Package: hobsub-generic 2016/05/16 v1.14 Bundle oberdiek, subset generic (HO)
Package: hobsub 2016/05/16 v1.14 Construct package bundles (HO)
Package: infwarerr 2016/05/16 v1.4 Providing info/warning/error messages (HO)
Package: ltxcmds 2016/05/16 v1.23 LaTeX kernel commands for general use (HO)
Package: ifluatex 2016/05/16 v1.4 Provides the ifluatex switch (HO)
Package ifluatex Info: LuaTeX not detected.
Package: ifvtex 2016/05/16 v1.6 Detect VTeX and its facilities (HO)
Package ifvtex Info: VTeX not detected.
Package: intcalc 2016/05/16 v1.2 Expandable calculations with integers (HO)
Package: ifpdf 2017/03/15 v3.2 Provides the ifpdf switch
Package: etexcmds 2016/05/16 v1.6 Avoid name clashes with e-TeX commands (HO)
Package etexcmds Info: Could not find \expanded.
(etexcmds)             That can mean that you are not using pdfTeX 1.50 or
(etexcmds)             that some package has redefined \expanded.
(etexcmds)             In the latter case, load this package earlier.
Package: kvsetkeys 2016/05/16 v1.17 Key value parser (HO)
Package: kvdefinekeys 2016/05/16 v1.4 Define keys (HO)
Package: pdftexcmds 2018/01/30 v0.27 Utility functions of pdfTeX for LuaTeX (HO
)
Package pdftexcmds Info: LuaTeX not detected.
Package pdftexcmds Info: \pdf@primitive is available.
Package pdftexcmds Info: \pdf@ifprimitive is available.
Package pdftexcmds Info: \pdfdraftmode found.
Package: pdfescape 2016/05/16 v1.14 Implements pdfTeX's escape features (HO)
Package: bigintcalc 2016/05/16 v1.4 Expandable calculations on big integers (HO
)
Package: bitset 2016/05/16 v1.2 Handle bit-vector datatype (HO)
Package: uniquecounter 2016/05/16 v1.3 Provide unlimited unique counter (HO)
)
Package hobsub Info: Skipping package `hobsub' (already loaded).
Package: letltxmacro 2016/05/16 v1.5 Let assignment for LaTeX macros (HO)
Package: hopatch 2016/05/16 v1.3 Wrapper for package hooks (HO)
Package: xcolor-patch 2016/05/16 xcolor patch
Package: atveryend 2016/05/16 v1.9 Hooks at the very end of document (HO)
Package atveryend Info: \enddocument detected (standard20110627).
Package: atbegshi 2016/06/09 v1.18 At begin shipout hook (HO)
Package: refcount 2016/05/16 v3.5 Data extraction from label references (HO)
Package: hycolor 2016/05/16 v1.8 Color options for hyperref/bookmark (HO)
)
(/usr/local/texlive/2018/texmf-dist/tex/generic/ifxetex/ifxetex.sty
Package: ifxetex 2010/09/12 v0.6 Provides ifxetex conditional
)
(/usr/local/texlive/2018/texmf-dist/tex/latex/oberdiek/auxhook.sty
Package: auxhook 2016/05/16 v1.4 Hooks for auxiliary files (HO)
)
(/usr/local/texlive/2018/texmf-dist/tex/latex/oberdiek/kvoptions.sty
Package: kvoptions 2016/05/16 v3.12 Key value format for package options (HO)
)
\@linkdim=\dimen108
\Hy@linkcounter=\count88
\Hy@pagecounter=\count89

(/usr/local/texlive/2018/texmf-dist/tex/latex/hyperref/pd1enc.def
File: pd1enc.def 2018/02/06 v6.86b Hyperref: PDFDocEncoding definition (HO)
Now handling font encoding PD1 ...
... no UTF-8 mapping file for font encoding PD1
)
\Hy@SavedSpaceFactor=\count90

(/usr/local/texlive/2018/texmf-dist/tex/latex/latexconfig/hyperref.cfg
File: hyperref.cfg 2002/06/06 v1.2 hyperref configuration of TeXLive
)
Package hyperref Info: Hyper figures OFF on input line 4509.
Package hyperref Info: Link nesting OFF on input line 4514.
Package hyperref Info: Hyper index ON on input line 4517.
Package hyperref Info: Plain pages OFF on input line 4524.
Package hyperref Info: Backreferencing OFF on input line 4529.
Package hyperref Info: Implicit mode ON; LaTeX internals redefined.
Package hyperref Info: Bookmarks ON on input line 4762.
\c@Hy@tempcnt=\count91
LaTeX Info: Redefining \url on input line 5115.
\XeTeXLinkMargin=\dimen109
\Fld@menulength=\count92
\Field@Width=\dimen110
\Fld@charsize=\dimen111
Package hyperref Info: Hyper figures OFF on input line 6369.
Package hyperref Info: Link nesting OFF on input line 6374.
Package hyperref Info: Hyper index ON on input line 6377.
Package hyperref Info: backreferencing OFF on input line 6384.
Package hyperref Info: Link coloring OFF on input line 6389.
Package hyperref Info: Link coloring with OCG OFF on input line 6394.
Package hyperref Info: PDF/A mode OFF on input line 6399.
LaTeX Info: Redefining \ref on input line 6439.
LaTeX Info: Redefining \pageref on input line 6443.
\Hy@abspage=\count93
\c@Item=\count94
\c@Hfootnote=\count95
)
Package hyperref Info: Driver (autodetected): hpdftex.

(/usr/local/texlive/2018/texmf-dist/tex/latex/hyperref/hpdftex.def
File: hpdftex.def 2018/02/06 v6.86b Hyperref driver for pdfTeX
\Fld@listcount=\count96
\c@bookmark@seq@number=\count97

(/usr/local/texlive/2018/texmf-dist/tex/latex/oberdiek/rerunfilecheck.sty
Package: rerunfilecheck 2016/05/16 v1.8 Rerun checks for auxiliary files (HO)
Package uniquecounter Info: New unique counter `rerunfilecheck' on input line 2
82.
)
\Hy@SectionHShift=\skip46
)
(/usr/local/texlive/2018/texmf-dist/tex/latex/base/inputenc.sty
Package: inputenc 2018/04/06 v1.3b Input encoding file
\inpenc@prehook=\toks20
\inpenc@posthook=\toks21
)
(/usr/local/texlive/2018/texmf-dist/tex/latex/caption/caption.sty
Package: caption 2016/02/21 v3.3-144 Customizing captions (AR)

(/usr/local/texlive/2018/texmf-dist/tex/latex/caption/caption3.sty
Package: caption3 2016/05/22 v1.7-166 caption3 kernel (AR)
Package caption3 Info: TeX engine: e-TeX on input line 67.
\captionmargin=\dimen112
\captionmargin@=\dimen113
\captionwidth=\dimen114
\caption@tempdima=\dimen115
\caption@indent=\dimen116
\caption@parindent=\dimen117
\caption@hangindent=\dimen118
)
\c@ContinuedFloat=\count98
Package caption Info: hyperref package is loaded.
)
(/usr/local/texlive/2018/texmf-dist/tex/latex/amsmath/amsmath.sty
Package: amsmath 2017/09/02 v2.17a AMS math features
\@mathmargin=\skip47

For additional information on amsmath, use the `?' option.
(/usr/local/texlive/2018/texmf-dist/tex/latex/amsmath/amstext.sty
Package: amstext 2000/06/29 v2.01 AMS text

(/usr/local/texlive/2018/texmf-dist/tex/latex/amsmath/amsgen.sty
File: amsgen.sty 1999/11/30 v2.0 generic functions
\@emptytoks=\toks22
\ex@=\dimen119
))
(/usr/local/texlive/2018/texmf-dist/tex/latex/amsmath/amsbsy.sty
Package: amsbsy 1999/11/29 v1.2d Bold Symbols
\pmbraise@=\dimen120
)
(/usr/local/texlive/2018/texmf-dist/tex/latex/amsmath/amsopn.sty
Package: amsopn 2016/03/08 v2.02 operator names
)
\inf@bad=\count99
LaTeX Info: Redefining \frac on input line 213.
\uproot@=\count100
\leftroot@=\count101
LaTeX Info: Redefining \overline on input line 375.
\classnum@=\count102
\DOTSCASE@=\count103
LaTeX Info: Redefining \ldots on input line 472.
LaTeX Info: Redefining \dots on input line 475.
LaTeX Info: Redefining \cdots on input line 596.
\Mathstrutbox@=\box26
\strutbox@=\box27
\big@size=\dimen121
LaTeX Font Info:    Redeclaring font encoding OML on input line 712.
LaTeX Font Info:    Redeclaring font encoding OMS on input line 713.
\macc@depth=\count104
\c@MaxMatrixCols=\count105
\dotsspace@=\muskip11
\c@parentequation=\count106
\dspbrk@lvl=\count107
\tag@help=\toks23
\row@=\count108
\column@=\count109
\maxfields@=\count110
\andhelp@=\toks24
\eqnshift@=\dimen122
\alignsep@=\dimen123
\tagshift@=\dimen124
\tagwidth@=\dimen125
\totwidth@=\dimen126
\lineht@=\dimen127
\@envbody=\toks25
\multlinegap=\skip48
\multlinetaggap=\skip49
\mathdisplay@stack=\toks26
LaTeX Info: Redefining \[ on input line 2817.
LaTeX Info: Redefining \] on input line 2818.
)
(/usr/local/texlive/2018/texmf-dist/tex/latex/booktabs/booktabs.sty
Package: booktabs 2016/04/27 v1.618033 publication quality tables
\heavyrulewidth=\dimen128
\lightrulewidth=\dimen129
\cmidrulewidth=\dimen130
\belowrulesep=\dimen131
\belowbottomsep=\dimen132
\aboverulesep=\dimen133
\abovetopsep=\dimen134
\cmidrulesep=\dimen135
\cmidrulekern=\dimen136
\defaultaddspace=\dimen137
\@cmidla=\count111
\@cmidlb=\count112
\@aboverulesep=\dimen138
\@belowrulesep=\dimen139
\@thisruleclass=\count113
\@lastruleclass=\count114
\@thisrulewidth=\dimen140
)
(/usr/local/texlive/2018/texmf-dist/tex/latex/base/latexsym.sty
Package: latexsym 1998/08/17 v2.2e Standard LaTeX package (lasy symbols)
\symlasy=\mathgroup4
LaTeX Font Info:    Overwriting symbol font `lasy' in version `bold'
(Font)                  U/lasy/m/n --> U/lasy/b/n on input line 52.
)
(./MP1_report.aux)
\openout1 = `MP1_report.aux'.

LaTeX Font Info:    Checking defaults for OML/cmm/m/it on input line 33.
LaTeX Font Info:    ... okay on input line 33.
LaTeX Font Info:    Checking defaults for T1/cmr/m/n on input line 33.
LaTeX Font Info:    ... okay on input line 33.
LaTeX Font Info:    Checking defaults for OT1/cmr/m/n on input line 33.
LaTeX Font Info:    ... okay on input line 33.
LaTeX Font Info:    Checking defaults for OMS/cmsy/m/n on input line 33.
LaTeX Font Info:    ... okay on input line 33.
LaTeX Font Info:    Checking defaults for OMX/cmex/m/n on input line 33.
LaTeX Font Info:    ... okay on input line 33.
LaTeX Font Info:    Checking defaults for U/cmr/m/n on input line 33.
LaTeX Font Info:    ... okay on input line 33.
LaTeX Font Info:    Checking defaults for PD1/pdf/m/n on input line 33.
LaTeX Font Info:    ... okay on input line 33.

(/usr/local/texlive/2018/texmf-dist/tex/context/base/mkii/supp-pdf.mkii
[Loading MPS to PDF converter (version 2006.09.02).]
\scratchcounter=\count115
\scratchdimen=\dimen141
\scratchbox=\box28
\nofMPsegments=\count116
\nofMParguments=\count117
\everyMPshowfont=\toks27
\MPscratchCnt=\count118
\MPscratchDim=\dimen142
\MPnumerator=\count119
\makeMPintoPDFobject=\count120
\everyMPtoPDFconversion=\toks28
) (/usr/local/texlive/2018/texmf-dist/tex/latex/oberdiek/epstopdf-base.sty
Package: epstopdf-base 2016/05/15 v2.6 Base part for package epstopdf

(/usr/local/texlive/2018/texmf-dist/tex/latex/oberdiek/grfext.sty
Package: grfext 2016/05/16 v1.2 Manage graphics extensions (HO)
)
Package epstopdf-base Info: Redefining graphics rule for `.eps' on input line 4
38.
Package grfext Info: Graphics extension search list:
(grfext)             [.pdf,.png,.jpg,.mps,.jpeg,.jbig2,.jb2,.PDF,.PNG,.JPG,.JPE
G,.JBIG2,.JB2,.eps]
(grfext)             \AppendGraphicsExtensions on input line 456.

(/usr/local/texlive/2018/texmf-dist/tex/latex/latexconfig/epstopdf-sys.cfg
File: epstopdf-sys.cfg 2010/07/13 v1.3 Configuration of (r)epstopdf for TeX Liv
e
))
\AtBeginShipoutBox=\box29
Package hyperref Info: Link coloring OFF on input line 33.

(/usr/local/texlive/2018/texmf-dist/tex/latex/hyperref/nameref.sty
Package: nameref 2016/05/21 v2.44 Cross-referencing by name of section

(/usr/local/texlive/2018/texmf-dist/tex/generic/oberdiek/gettitlestring.sty
Package: gettitlestring 2016/05/16 v1.5 Cleanup title references (HO)
)
\c@section@level=\count121
)
LaTeX Info: Redefining \ref on input line 33.
LaTeX Info: Redefining \pageref on input line 33.
LaTeX Info: Redefining \nameref on input line 33.

(./MP1_report.out) (./MP1_report.out)
\@outlinefile=\write3
\openout3 = `MP1_report.out'.

Package caption Info: Begin \AtBeginDocument code.
Package caption Info: End \AtBeginDocument code.
\titlearea=\box30
LaTeX Font Info:    Try loading font information for U+lasy on input line 36.

(/usr/local/texlive/2018/texmf-dist/tex/latex/base/ulasy.fd
File: ulasy.fd 1998/08/17 v2.2e LaTeX symbol font definitions
)
\actualheight=\skip50
<reddit.jpg, id=24, 684.156pt x 141.52875pt>
File: reddit.jpg Graphic file (type jpg)
<use reddit.jpg>
Package pdftex.def Info: reddit.jpg  used on input line 44.
(pdftex.def)             Requested size: 227.62204pt x 47.08687pt.

Underfull \hbox (badness 1194) in paragraph at lines 42--47
\OT1/cmr/m/n/10 of fo-rums and threads where users can up-vote or
 []


Underfull \hbox (badness 10000) in paragraph at lines 42--47

 []


Underfull \hbox (badness 10000) in paragraph at lines 42--47

 []


Underfull \hbox (badness 1043) in paragraph at lines 42--47
\OT1/cmr/m/n/10 The closed-form ap-proach was used for sub-se-quent
 []

LaTeX Font Info:    Try loading font information for OMS+cmr on input line 54.
(/usr/local/texlive/2018/texmf-dist/tex/latex/base/omscmr.fd
File: omscmr.fd 2014/09/29 v2.5h Standard LaTeX font definitions
)
LaTeX Font Info:    Font shape `OMS/cmr/m/n' in size <10> not available
(Font)              Font shape `OMS/cmsy/m/n' tried instead on input line 54.

Underfull \hbox (badness 2469) in paragraph at lines 61--63
[]\OT1/cmr/m/n/10 The is[]root boolean val-ues were en-coded us-ing
 []


Underfull \hbox (badness 10000) in paragraph at lines 61--63

 []

<EDA-1.png, id=25, 647.41875pt x 319.79475pt>
File: EDA-1.png Graphic file (type png)
<use EDA-1.png>
Package pdftex.def Info: EDA-1.png  used on input line 66.
(pdftex.def)             Requested size: 241.84294pt x 170.72008pt.
<EDA-4.png, id=26, 618.51076pt x 464.937pt>
File: EDA-4.png Graphic file (type png)
<use EDA-4.png>
Package pdftex.def Info: EDA-4.png  used on input line 70.
(pdftex.def)             Requested size: 241.85054pt x 170.71863pt.

Underfull \hbox (badness 10000) in paragraph at lines 64--75

 []


Underfull \hbox (badness 10000) in paragraph at lines 64--75

 []


Underfull \hbox (badness 10000) in paragraph at lines 64--75

 []


Underfull \hbox (badness 10000) in paragraph at lines 64--75

 []


Underfull \hbox (badness 10000) in paragraph at lines 64--75

 []


Underfull \hbox (badness 2443) in paragraph at lines 64--75
\OT1/cmr/m/n/10 Before mov-ing on to the re-sults sec-tion, read-ers
 []


Underfull \hbox (badness 1194) in paragraph at lines 64--75
\OT1/cmr/m/n/10 or fil-ter-ing in-for-ma-tion. For ex-am-ple, if ma-chine
 []


Underfull \hbox (badness 10000) in paragraph at lines 64--75

 []

[1{/usr/local/texlive/2018/texmf-var/fonts/map/pdftex/updmap/pdftex.map}



 <./reddit.jpg>]
Underfull \vbox (badness 10000) has occurred while \output is active []

<runtime.png, id=40, 630.355pt x 97.36375pt>
File: runtime.png Graphic file (type png)
<use runtime.png>
Package pdftex.def Info: runtime.png  used on input line 78.
(pdftex.def)             Requested size: 256.07147pt x 42.67824pt.

Underfull \hbox (badness 10000) in paragraph at lines 76--83

 []


Overfull \hbox (12.16022pt too wide) in paragraph at lines 76--83
[] 
 []


Underfull \hbox (badness 10000) in paragraph at lines 76--83

 []


Underfull \hbox (badness 10000) in paragraph at lines 76--83

 []


Underfull \hbox (badness 1838) in paragraph at lines 76--83
\OT1/cmr/m/n/10 For the sta-bil-ity of two dif-fer-ent ap-proaches, the
 []


Underfull \hbox (badness 1509) in paragraph at lines 76--83
\OT1/cmr/m/n/10 form so-lu-tion al-ways have the MSE= 0.128290653
 []

[2 <./EDA-1.png> <./EDA-4.png> <./runtime.png>]
<beta.png, id=48, 383.4325pt x 228.855pt>
File: beta.png Graphic file (type png)
<use beta.png>
Package pdftex.def Info: beta.png  used on input line 85.
(pdftex.def)             Requested size: 241.85043pt x 170.72241pt.
<eta0.png, id=49, 543.02875pt x 323.2075pt>
File: eta0.png Graphic file (type png)
<use eta0.png>
Package pdftex.def Info: eta0.png  used on input line 90.
(pdftex.def)             Requested size: 241.85002pt x 150.7979pt.
<eps.png, id=50, 540.0175pt x 327.2225pt>
File: eps.png Graphic file (type png)
<use eps.png>
Package pdftex.def Info: eps.png  used on input line 96.
(pdftex.def)             Requested size: 241.84378pt x 150.79878pt.
<learnrate.png, id=51, 546.04pt x 329.23pt>
File: learnrate.png Graphic file (type png)
<use learnrate.png>
Package pdftex.def Info: learnrate.png  used on input line 102.
(pdftex.def)             Requested size: 241.84973pt x 150.79958pt.
<MSE.png, id=52, 495.8525pt x 81.30376pt>
File: MSE.png Graphic file (type png)
<use MSE.png>
Package pdftex.def Info: MSE.png  used on input line 106.
(pdftex.def)             Requested size: 241.85007pt x 42.68013pt.
<Graph.png, id=53, 519.9425pt x 396.48125pt>
File: Graph.png Graphic file (type png)
<use Graph.png>
Package pdftex.def Info: Graph.png  used on input line 110.
(pdftex.def)             Requested size: 241.8501pt x 170.71954pt.
<G.png, id=54, 495.8525pt x 159.59625pt>
File: G.png Graphic file (type png)
<use G.png>
Package pdftex.def Info: G.png  used on input line 111.
(pdftex.def)             Requested size: 241.85007pt x 85.35756pt.

Underfull \hbox (badness 10000) in paragraph at lines 84--115

 []


Underfull \hbox (badness 1527) in paragraph at lines 84--115
\OT1/cmr/m/n/10 Observe the ta-ble we can find the MSE was in-
 []


Underfull \hbox (badness 10000) in paragraph at lines 84--115

 []


Underfull \hbox (badness 1259) in paragraph at lines 84--115
\OT1/cmr/m/n/10 Now we fix $\OML/cmm/m/it/10 beta$ \OT1/cmr/m/n/10 = 0, $\OML/c
mm/m/it/10 eps$ \OT1/cmr/m/n/10 = 0.0001 and change
 []


Underfull \hbox (badness 10000) in paragraph at lines 84--115

 []


Underfull \hbox (badness 10000) in paragraph at lines 84--115

 []


Underfull \hbox (badness 10000) in paragraph at lines 84--115

 []


Underfull \hbox (badness 10000) in paragraph at lines 84--115

 []


Underfull \hbox (badness 10000) in paragraph at lines 84--115
[]
 []


Underfull \hbox (badness 10000) in paragraph at lines 84--115

 []


Underfull \hbox (badness 10000) in paragraph at lines 84--115

 []


Underfull \vbox (badness 10000) has occurred while \output is active []


Underfull \vbox (badness 10000) has occurred while \output is active []

 [3 <./beta.png> <./eta0.png> <./eps.png> <./learnrate.png> <./MSE.png>]
Package atveryend Info: Empty hook `BeforeClearDocument' on input line 135.
 [4 <./Graph.png> <./G.png>]
Package atveryend Info: Empty hook `AfterLastShipout' on input line 135.
 (./MP1_report.aux)
Package atveryend Info: Executing hook `AtVeryEndDocument' on input line 135.
Package atveryend Info: Executing hook `AtEndAfterFileList' on input line 135.
Package rerunfilecheck Info: File `MP1_report.out' has not changed.
(rerunfilecheck)             Checksum: F80B7857B5B0CF23B9B026D16729930F;252.
Package atveryend Info: Empty hook `AtVeryVeryEnd' on input line 135.
 ) 
Here is how much of TeX's memory you used:
 6991 strings out of 492649
 105147 string characters out of 6129622
 208632 words of memory out of 5000000
 10791 multiletter control sequences out of 15000+600000
 10272 words of font info for 41 fonts, out of 8000000 for 9000
 1141 hyphenation exceptions out of 8191
 36i,10n,38p,1304b,320s stack positions out of 5000i,500n,10000p,200000b,80000s
</usr/local/texlive/2018/texmf-dist/fonts/type1/public/amsfonts/cm/cmbx10.pfb
></usr/local/texlive/2018/texmf-dist/fonts/type1/public/amsfonts/cm/cmbx12.pfb>
</usr/local/texlive/2018/texmf-dist/fonts/type1/public/amsfonts/cm/cmmi10.pfb><
/usr/local/texlive/2018/texmf-dist/fonts/type1/public/amsfonts/cm/cmmi7.pfb></u
sr/local/texlive/2018/texmf-dist/fonts/type1/public/amsfonts/cm/cmr10.pfb></usr
/local/texlive/2018/texmf-dist/fonts/type1/public/amsfonts/cm/cmr12.pfb></usr/l
ocal/texlive/2018/texmf-dist/fonts/type1/public/amsfonts/cm/cmr7.pfb></usr/loca
l/texlive/2018/texmf-dist/fonts/type1/public/amsfonts/cm/cmr9.pfb></usr/local/t
exlive/2018/texmf-dist/fonts/type1/public/amsfonts/cm/cmsy10.pfb>
Output written on MP1_report.pdf (4 pages, 693632 bytes).
PDF statistics:
 104 PDF objects out of 1000 (max. 8388607)
 69 compressed objects within 1 object stream
 10 named destinations out of 1000 (max. 500000)
 96 words of extra memory for PDF output out of 10000 (max. 10000000)

